<?xml version="1.0" encoding="UTF-8"?>
<!-- Generated by org.testng.reporters.JUnitReportReporter -->
<testsuite skipped="0" hostname="DESKTOP-4JBAKI8" name="servicenow.ResolveIncident" tests="1" failures="0" timestamp="06 Jul 2019 05:21:17 GMT" time="7.374" errors="1">
  <testcase name="resolveIncident" time="7.374" classname="servicenow.ResolveIncident">
    <error type="org.openqa.selenium.SessionNotCreatedException" message="session not created
from chrome not reachable
  (Session info: chrome=75.0.3770.100)
Build info: version: &#039;3.14.0&#039;, revision: &#039;aacccce0&#039;, time: &#039;2018-08-02T20:19:58.91Z&#039;
System info: host: &#039;DESKTOP-4JBAKI8&#039;, ip: &#039;192.168.56.1&#039;, os.name: &#039;Windows 10&#039;, os.arch: &#039;amd64&#039;, os.version: &#039;10.0&#039;, java.version: &#039;1.8.0_191&#039;
Driver info: driver.version: ChromeDriver
remote stacktrace: Backtrace:
	Ordinal0 [0x00177DF3+1474035]
	Ordinal0 [0x000F07D1+919505]
	Ordinal0 [0x0008C9B9+510393]
	Ordinal0 [0x00085749+481097]
	Ordinal0 [0x00085CE7+482535]
	Ordinal0 [0x00086D55+486741]
	Ordinal0 [0x00082C2F+470063]
	Ordinal0 [0x0008D7F0+514032]
	Ordinal0 [0x000415EA+202218]
	Ordinal0 [0x0004069D+198301]
	Ordinal0 [0x0003EECB+192203]
	Ordinal0 [0x00025FF6+90102]
	Ordinal0 [0x0002765A+95834]
	Ordinal0 [0x00027554+95572]
	GetHandleVerifier [0x002D231C+1249612]
	GetHandleVerifier [0x00221575+525221]
	GetHandleVerifier [0x00221310+524608]
	Ordinal0 [0x00185D28+1531176]
	GetHandleVerifier [0x00221D4A+527226]
	Ordinal0 [0x001075F6+1013238]
	Ordinal0 [0x0010746F+1012847]
	Ordinal0 [0x0011365B+1062491]
	Ordinal0 [0x0011379F+1062815]
	Ordinal0 [0x00112745+1058629]
	BaseThreadInitThunk [0x74308494+36]
	RtlAreBitsSet [0x775A41C8+136]
	RtlAreBitsSet [0x775A4198+88]
	(No symbol) [0x00000000]
">
      <![CDATA[org.openqa.selenium.SessionNotCreatedException: session not created
from chrome not reachable
  (Session info: chrome=75.0.3770.100)
Build info: version: '3.14.0', revision: 'aacccce0', time: '2018-08-02T20:19:58.91Z'
System info: host: 'DESKTOP-4JBAKI8', ip: '192.168.56.1', os.name: 'Windows 10', os.arch: 'amd64', os.version: '10.0', java.version: '1.8.0_191'
Driver info: driver.version: ChromeDriver
remote stacktrace: Backtrace:
Ordinal0 [0x00177DF3+1474035]
Ordinal0 [0x000F07D1+919505]
Ordinal0 [0x0008C9B9+510393]
Ordinal0 [0x00085749+481097]
Ordinal0 [0x00085CE7+482535]
Ordinal0 [0x00086D55+486741]
Ordinal0 [0x00082C2F+470063]
Ordinal0 [0x0008D7F0+514032]
Ordinal0 [0x000415EA+202218]
Ordinal0 [0x0004069D+198301]
Ordinal0 [0x0003EECB+192203]
Ordinal0 [0x00025FF6+90102]
Ordinal0 [0x0002765A+95834]
Ordinal0 [0x00027554+95572]
GetHandleVerifier [0x002D231C+1249612]
GetHandleVerifier [0x00221575+525221]
GetHandleVerifier [0x00221310+524608]
Ordinal0 [0x00185D28+1531176]
GetHandleVerifier [0x00221D4A+527226]
Ordinal0 [0x001075F6+1013238]
Ordinal0 [0x0010746F+1012847]
Ordinal0 [0x0011365B+1062491]
Ordinal0 [0x0011379F+1062815]
Ordinal0 [0x00112745+1058629]
BaseThreadInitThunk [0x74308494+36]
RtlAreBitsSet [0x775A41C8+136]
RtlAreBitsSet [0x775A4198+88]
(No symbol) [0x00000000]

at sun.reflect.NativeConstructorAccessorImpl.newInstance0(Native Method)
at sun.reflect.NativeConstructorAccessorImpl.newInstance(NativeConstructorAccessorImpl.java:62)
at sun.reflect.DelegatingConstructorAccessorImpl.newInstance(DelegatingConstructorAccessorImpl.java:45)
at java.lang.reflect.Constructor.newInstance(Constructor.java:423)
at org.openqa.selenium.remote.W3CHandshakeResponse.lambda$new$0(W3CHandshakeResponse.java:57)
at org.openqa.selenium.remote.W3CHandshakeResponse.lambda$getResponseFunction$2(W3CHandshakeResponse.java:104)
at org.openqa.selenium.remote.ProtocolHandshake.lambda$createSession$0(ProtocolHandshake.java:122)
at java.util.stream.ReferencePipeline$3$1.accept(ReferencePipeline.java:193)
at java.util.Spliterators$ArraySpliterator.tryAdvance(Spliterators.java:958)
at java.util.stream.ReferencePipeline.forEachWithCancel(ReferencePipeline.java:126)
at java.util.stream.AbstractPipeline.copyIntoWithCancel(AbstractPipeline.java:498)
at java.util.stream.AbstractPipeline.copyInto(AbstractPipeline.java:485)
at java.util.stream.AbstractPipeline.wrapAndCopyInto(AbstractPipeline.java:471)
at java.util.stream.FindOps$FindOp.evaluateSequential(FindOps.java:152)
at java.util.stream.AbstractPipeline.evaluate(AbstractPipeline.java:234)
at java.util.stream.ReferencePipeline.findFirst(ReferencePipeline.java:464)
at org.openqa.selenium.remote.ProtocolHandshake.createSession(ProtocolHandshake.java:125)
at org.openqa.selenium.remote.ProtocolHandshake.createSession(ProtocolHandshake.java:73)
at org.openqa.selenium.remote.HttpCommandExecutor.execute(HttpCommandExecutor.java:136)
at org.openqa.selenium.remote.service.DriverCommandExecutor.execute(DriverCommandExecutor.java:83)
at org.openqa.selenium.remote.RemoteWebDriver.execute(RemoteWebDriver.java:548)
at org.openqa.selenium.remote.RemoteWebDriver.startSession(RemoteWebDriver.java:212)
at org.openqa.selenium.remote.RemoteWebDriver.<init>(RemoteWebDriver.java:130)
at org.openqa.selenium.chrome.ChromeDriver.<init>(ChromeDriver.java:181)
at org.openqa.selenium.chrome.ChromeDriver.<init>(ChromeDriver.java:168)
at org.openqa.selenium.chrome.ChromeDriver.<init>(ChromeDriver.java:123)
at classroom.WebDriverTest.openBrowser(WebDriverTest.java:24)
at servicenow.ResolveIncident.resolveIncident(ResolveIncident.java:23)
at sun.reflect.NativeMethodAccessorImpl.invoke0(Native Method)
at sun.reflect.NativeMethodAccessorImpl.invoke(NativeMethodAccessorImpl.java:62)
at sun.reflect.DelegatingMethodAccessorImpl.invoke(DelegatingMethodAccessorImpl.java:43)
at java.lang.reflect.Method.invoke(Method.java:498)
at org.testng.internal.MethodInvocationHelper.invokeMethod(MethodInvocationHelper.java:124)
at org.testng.internal.Invoker.invokeMethod(Invoker.java:583)
at org.testng.internal.Invoker.invokeTestMethod(Invoker.java:719)
at org.testng.internal.Invoker.invokeTestMethods(Invoker.java:989)
at org.testng.internal.TestMethodWorker.invokeTestMethods(TestMethodWorker.java:125)
at org.testng.internal.TestMethodWorker.run(TestMethodWorker.java:109)
at org.testng.TestRunner.privateRun(TestRunner.java:648)
at org.testng.TestRunner.run(TestRunner.java:505)
at org.testng.SuiteRunner.runTest(SuiteRunner.java:455)
at org.testng.SuiteRunner.access$000(SuiteRunner.java:40)
at org.testng.SuiteRunner$SuiteWorker.run(SuiteRunner.java:489)
at org.testng.internal.thread.ThreadUtil$1.call(ThreadUtil.java:52)
at java.util.concurrent.FutureTask.run(FutureTask.java:266)
at java.util.concurrent.ThreadPoolExecutor.runWorker(ThreadPoolExecutor.java:1149)
at java.util.concurrent.ThreadPoolExecutor$Worker.run(ThreadPoolExecutor.java:624)
at java.lang.Thread.run(Thread.java:748)
]]>
    </error>
  </testcase> <!-- resolveIncident -->
</testsuite> <!-- servicenow.ResolveIncident -->
